
> my-app@0.1.0 start /home/ana/Reprograma/Semana14-React1/my-app
> react-scripts start

Starting the development server...

Compiled successfully!

You can now view my-app in the browser.

  Local:            http://localhost:3000/
  On Your Network:  http://10.162.108.16:3000/

Note that the development build is not optimized.
To create a production build, use npm run build.

Compiling...
Compiled successfully!
Compiling...
Failed to compile.

./src/index.js
Syntax error: Unexpected token, expected ";" (38:8)

  36 | serviceWorker.unregister();
  37 | 
> 38 | somar(){
     |        ^
  39 |     const texto = document.getElementById("status_contador")
  40 |     if(contadorNum ==0){
  41 |         texto.textContent = 'Contador não iniciado'
Compiling...
Failed to compile.

./src/index.js
Syntax error: Unexpected token, expected ";" (38:8)

  36 | serviceWorker.unregister();
  37 | 
> 38 | somar(){
     |        ^
  39 |     const texto = document.getElementById("status_contador")
  40 |     if(contadorNum ==0){
  41 |         texto.textContent = 'Contador não iniciado'
Compiling...
Failed to compile.

./src/index.js
Syntax error: Unexpected token, expected ";" (38:8)

  36 | serviceWorker.unregister();
  37 | 
> 38 | somar(){
     |        ^
  39 |     const texto = document.getElementById("status_contador")
  40 |     if(contadorNum ==0){
  41 |         texto.textContent = 'Contador não iniciado'
Compiling...
Compiled with warnings.

./src/index.js
  Line 38:   'somar' is assigned a value but never used  no-unused-vars
  Line 40:  Expected '===' and instead saw '=='         eqeqeq

Search for the keywords to learn more about each warning.
To ignore, add // eslint-disable-next-line to the line before.

Compiling...
Compiled with warnings.

./src/index.js
  Line 38:   'somar' is assigned a value but never used  no-unused-vars
  Line 40:  Expected '===' and instead saw '=='         eqeqeq

Search for the keywords to learn more about each warning.
To ignore, add // eslint-disable-next-line to the line before.

Compiling...
Compiled with warnings.

./src/index.js
  Line 38:   'somar' is assigned a value but never used  no-unused-vars
  Line 40:  Expected '===' and instead saw '=='         eqeqeq

Search for the keywords to learn more about each warning.
To ignore, add // eslint-disable-next-line to the line before.

Compiling...
Compiled with warnings.

./src/index.js
  Line 38:   'somar' is assigned a value but never used  no-unused-vars
  Line 40:  Expected '===' and instead saw '=='         eqeqeq

Search for the keywords to learn more about each warning.
To ignore, add // eslint-disable-next-line to the line before.

Compiling...
Compiled with warnings.

./src/index.js
  Line 38:   'somar' is assigned a value but never used  no-unused-vars
  Line 40:  Expected '===' and instead saw '=='         eqeqeq

Search for the keywords to learn more about each warning.
To ignore, add // eslint-disable-next-line to the line before.

Compiling...
Compiled with warnings.

./src/index.js
  Line 38:   'somar' is assigned a value but never used  no-unused-vars
  Line 40:  Expected '===' and instead saw '=='         eqeqeq

Search for the keywords to learn more about each warning.
To ignore, add // eslint-disable-next-line to the line before.

Compiling...
Compiled with warnings.

./src/index.js
  Line 38:   'somar' is assigned a value but never used  no-unused-vars
  Line 40:  Expected '===' and instead saw '=='         eqeqeq

Search for the keywords to learn more about each warning.
To ignore, add // eslint-disable-next-line to the line before.

Compiling...
Compiled with warnings.

./src/index.js
  Line 38:   'somar' is assigned a value but never used  no-unused-vars
  Line 40:  Expected '===' and instead saw '=='         eqeqeq

Search for the keywords to learn more about each warning.
To ignore, add // eslint-disable-next-line to the line before.

Compiling...
Compiled with warnings.

./src/index.js
  Line 24:  'somar' was used before it was defined  no-use-before-define
  Line 40:  Expected '===' and instead saw '=='     eqeqeq

Search for the keywords to learn more about each warning.
To ignore, add // eslint-disable-next-line to the line before.

Compiling...
Compiled with warnings.

./src/index.js
  Line 24:  'somar' was used before it was defined  no-use-before-define
  Line 40:  Expected '===' and instead saw '=='     eqeqeq

Search for the keywords to learn more about each warning.
To ignore, add // eslint-disable-next-line to the line before.

Compiling...
Compiled with warnings.

./src/index.js
  Line 12:  Expected '===' and instead saw '=='  eqeqeq

Search for the keywords to learn more about each warning.
To ignore, add // eslint-disable-next-line to the line before.

Compiling...
Compiled successfully!
Compiling...
Compiled successfully!
Compiling...
Compiled successfully!
Compiling...
Compiled with warnings.

./src/index.js
  Line 20:  'subtrair' is assigned a value but never used  no-unused-vars

Search for the keywords to learn more about each warning.
To ignore, add // eslint-disable-next-line to the line before.

Compiling...
Compiled with warnings.

./src/index.js
  Line 20:  'subtrair' is assigned a value but never used  no-unused-vars

Search for the keywords to learn more about each warning.
To ignore, add // eslint-disable-next-line to the line before.

Compiling...
Compiled with warnings.

./src/index.js
  Line 12:  'texto' is assigned a value but never used     no-unused-vars
  Line 18:   'subtrair' is assigned a value but never used  no-unused-vars

Search for the keywords to learn more about each warning.
To ignore, add // eslint-disable-next-line to the line before.

Compiling...
Failed to compile.

./src/index.js
  Line 11:  Expected an assignment or function call and instead saw an expression  no-unused-expressions

Search for the keywords to learn more about each error.
Compiling...
Failed to compile.

./src/index.js
  Line 11:  Expected an assignment or function call and instead saw an expression  no-unused-expressions

Search for the keywords to learn more about each error.
Compiling...
Failed to compile.

./src/index.js
  Line 12:   Expected an assignment or function call and instead saw an expression  no-unused-expressions
  Line 14:  Expected an assignment or function call and instead saw an expression  no-unused-expressions

Search for the keywords to learn more about each error.
Compiling...
Compiled successfully!
Compiling...
Compiled successfully!
Compiling...
Compiled successfully!
Compiling...
Failed to compile.

./src/index.js
  Line 33:  'somar' is not defined  no-undef

Search for the keywords to learn more about each error.
Compiling...
Failed to compile.

./src/index.js
  Line 33:  'somar' is not defined  no-undef

Search for the keywords to learn more about each error.
Compiling...
Compiled successfully!
Compiling...
Compiled successfully!
Compiling...
Compiled successfully!
Compiling...
Compiled successfully!
Compiling...
Compiled with warnings.

./src/index.js
  Line 18:  'soma' is defined but never used  no-unused-vars

Search for the keywords to learn more about each warning.
To ignore, add // eslint-disable-next-line to the line before.

Compiling...
Compiled successfully!
Compiling...
Compiled successfully!
Compiling...
Compiled with warnings.

./src/index.js
  Line 18:  'soma' is defined but never used  no-unused-vars

Search for the keywords to learn more about each warning.
To ignore, add // eslint-disable-next-line to the line before.

Compiling...
Compiled successfully!
